<?xml version="1.0" encoding="UTF-8"?>
<!-- Generated by org.testng.reporters.JUnitReportReporter -->
<testsuite hostname="Tashfiq" failures="0" tests="1" name="com.Tests.Login_Test" time="4.370" errors="0" timestamp="31 Oct 2023 14:11:02 GMT" skipped="0">
  <testcase classname="com.Tests.Login_Test" name="Test_Start" time="4.370"/>
</testsuite> <!-- com.Tests.Login_Test -->
